<?xml version="1.0" encoding="utf-8"?><testsuites name="pytest tests"><testsuite name="pytest" errors="0" failures="0" skipped="0" tests="12" time="2.172" timestamp="2026-05-10T14:46:11.707071+00:00" hostname="agent-env-7383c0be-f6c6-4608-83f4-cf43967b972b"><testcase classname="backend.tests.backend_test" name="test_health" time="0.300" /><testcase classname="backend.tests.backend_test" name="test_list_posts_public" time="0.048" /><testcase classname="backend.tests.backend_test" name="test_get_post_by_slug" time="0.104" /><testcase classname="backend.tests.backend_test" name="test_get_post_unknown_slug_404" time="0.049" /><testcase classname="backend.tests.backend_test" name="test_filter_posts_by_tag" time="0.050" /><testcase classname="backend.tests.backend_test" name="test_login_wrong_password" time="0.271" /><testcase classname="backend.tests.backend_test" name="test_me_without_token" time="0.103" /><testcase classname="backend.tests.backend_test" name="test_me_with_token" time="0.329" /><testcase classname="backend.tests.backend_test" name="test_create_post_unauth" time="0.107" /><testcase classname="backend.tests.backend_test" name="test_full_post_lifecycle" time="0.449" /><testcase classname="backend.tests.backend_test" name="test_update_unauth" time="0.114" /><testcase classname="backend.tests.backend_test" name="test_delete_unauth" time="0.102" /></testsuite></testsuites>